2025-02-26T23:08:33.856-06:00  INFO 19800 --- [Evaluacion] [restartedMain] c.e.truper.EvaluacionApplication         : Starting EvaluacionApplication using Java 17.0.2 with PID 19800 (C:\EvaluacionTruper\Evaluacion\target\classes started by Manue in C:\EvaluacionTruper\Evaluacion)
2025-02-26T23:08:33.856-06:00  INFO 19800 --- [Evaluacion] [restartedMain] c.e.truper.EvaluacionApplication         : The following 1 profile is active: "dev"
2025-02-26T23:08:34.146-06:00  INFO 19800 --- [Evaluacion] [restartedMain] .s.d.r.c.RepositoryConfigurationDelegate : Bootstrapping Spring Data JPA repositories in DEFAULT mode.
2025-02-26T23:08:34.171-06:00  INFO 19800 --- [Evaluacion] [restartedMain] .s.d.r.c.RepositoryConfigurationDelegate : Finished Spring Data repository scanning in 23 ms. Found 5 JPA repository interfaces.
2025-02-26T23:08:34.297-06:00  INFO 19800 --- [Evaluacion] [restartedMain] o.s.b.w.embedded.tomcat.TomcatWebServer  : Tomcat initialized with port 8080 (http)
2025-02-26T23:08:34.298-06:00  INFO 19800 --- [Evaluacion] [restartedMain] o.a.catalina.core.AprLifecycleListener   : An older version [1.2.39] of the Apache Tomcat Native library is installed, while Tomcat recommends a minimum version of [2.0.5]
2025-02-26T23:08:34.298-06:00  INFO 19800 --- [Evaluacion] [restartedMain] o.a.catalina.core.AprLifecycleListener   : Loaded Apache Tomcat Native library [1.2.39] using APR version [1.7.4].
2025-02-26T23:08:34.298-06:00  INFO 19800 --- [Evaluacion] [restartedMain] o.a.catalina.core.AprLifecycleListener   : OpenSSL successfully initialized [OpenSSL 3.0.11 19 Sep 2023]
2025-02-26T23:08:34.299-06:00  INFO 19800 --- [Evaluacion] [restartedMain] o.apache.catalina.core.StandardService   : Starting service [Tomcat]
2025-02-26T23:08:34.299-06:00  INFO 19800 --- [Evaluacion] [restartedMain] o.apache.catalina.core.StandardEngine    : Starting Servlet engine: [Apache Tomcat/10.1.36]
2025-02-26T23:08:34.323-06:00  INFO 19800 --- [Evaluacion] [restartedMain] o.a.c.c.C.[Tomcat].[localhost].[/v1]     : Initializing Spring embedded WebApplicationContext
2025-02-26T23:08:34.323-06:00  INFO 19800 --- [Evaluacion] [restartedMain] w.s.c.ServletWebServerApplicationContext : Root WebApplicationContext: initialization completed in 465 ms
2025-02-26T23:08:34.366-06:00  INFO 19800 --- [Evaluacion] [restartedMain] o.hibernate.jpa.internal.util.LogHelper  : HHH000204: Processing PersistenceUnitInfo [name: default]
2025-02-26T23:08:34.369-06:00  INFO 19800 --- [Evaluacion] [restartedMain] o.h.c.internal.RegionFactoryInitiator    : HHH000026: Second-level cache disabled
2025-02-26T23:08:34.380-06:00  INFO 19800 --- [Evaluacion] [restartedMain] o.s.o.j.p.SpringPersistenceUnitInfo      : No LoadTimeWeaver setup: ignoring JPA class transformer
2025-02-26T23:08:34.381-06:00  INFO 19800 --- [Evaluacion] [restartedMain] com.zaxxer.hikari.HikariDataSource       : HikariPool-20 - Starting...
2025-02-26T23:08:34.382-06:00  INFO 19800 --- [Evaluacion] [restartedMain] com.zaxxer.hikari.pool.HikariPool        : HikariPool-20 - Added connection conn190: url=jdbc:h2:mem:testdb user=SA
2025-02-26T23:08:34.383-06:00  INFO 19800 --- [Evaluacion] [restartedMain] com.zaxxer.hikari.HikariDataSource       : HikariPool-20 - Start completed.
2025-02-26T23:08:34.383-06:00  INFO 19800 --- [Evaluacion] [restartedMain] org.hibernate.orm.connections.pooling    : HHH10001005: Database info:
	Database JDBC URL [Connecting through datasource 'HikariDataSource (HikariPool-20)']
	Database driver: undefined/unknown
	Database version: 2.3.232
	Autocommit mode: undefined/unknown
	Isolation level: undefined/unknown
	Minimum pool size: undefined/unknown
	Maximum pool size: undefined/unknown
2025-02-26T23:08:34.473-06:00  INFO 19800 --- [Evaluacion] [restartedMain] o.h.e.t.j.p.i.JtaPlatformInitiator       : HHH000489: No JTA platform available (set 'hibernate.transaction.jta.platform' to enable JTA platform integration)
2025-02-26T23:08:34.479-06:00  INFO 19800 --- [Evaluacion] [restartedMain] j.LocalContainerEntityManagerFactoryBean : Initialized JPA EntityManagerFactory for persistence unit 'default'
2025-02-26T23:08:34.546-06:00  INFO 19800 --- [Evaluacion] [restartedMain] r$InitializeUserDetailsManagerConfigurer : Global AuthenticationManager configured with UserDetailsService bean with name userDetailsServiceImpl
2025-02-26T23:08:34.605-06:00  WARN 19800 --- [Evaluacion] [restartedMain] JpaBaseConfiguration$JpaWebConfiguration : spring.jpa.open-in-view is enabled by default. Therefore, database queries may be performed during view rendering. Explicitly configure spring.jpa.open-in-view to disable this warning
2025-02-26T23:08:34.697-06:00  INFO 19800 --- [Evaluacion] [restartedMain] o.s.v.b.OptionalValidatorFactoryBean     : Failed to set up a Bean Validation provider: jakarta.validation.NoProviderFoundException: Unable to create a Configuration, because no Jakarta Bean Validation provider could be found. Add a provider like Hibernate Validator (RI) to your classpath.
2025-02-26T23:08:34.755-06:00  INFO 19800 --- [Evaluacion] [restartedMain] o.s.b.a.h2.H2ConsoleAutoConfiguration    : H2 console available at '/h2-console'. Database available at 'jdbc:h2:mem:testdb'
2025-02-26T23:08:34.772-06:00  INFO 19800 --- [Evaluacion] [restartedMain] o.s.b.d.a.OptionalLiveReloadServer       : LiveReload server is running on port 35729
2025-02-26T23:08:34.786-06:00  INFO 19800 --- [Evaluacion] [restartedMain] o.s.b.w.embedded.tomcat.TomcatWebServer  : Tomcat started on port 8080 (http) with context path '/v1'
2025-02-26T23:08:34.794-06:00  INFO 19800 --- [Evaluacion] [restartedMain] c.e.truper.EvaluacionApplication         : Started EvaluacionApplication in 1.023 seconds (process running for 2258.111)
2025-02-26T23:08:34.796-06:00  INFO 19800 --- [Evaluacion] [restartedMain] .ConditionEvaluationDeltaLoggingListener : Condition evaluation unchanged
2025-02-26T23:08:42.444-06:00  INFO 19800 --- [Evaluacion] [http-nio-8080-exec-2] o.a.c.c.C.[Tomcat].[localhost].[/v1]     : Initializing Spring DispatcherServlet 'dispatcherServlet'
2025-02-26T23:08:42.444-06:00  INFO 19800 --- [Evaluacion] [http-nio-8080-exec-2] o.s.web.servlet.DispatcherServlet        : Initializing Servlet 'dispatcherServlet'
2025-02-26T23:08:42.445-06:00  INFO 19800 --- [Evaluacion] [http-nio-8080-exec-2] o.s.web.servlet.DispatcherServlet        : Completed initialization in 1 ms
2025-02-26T23:08:42.670-06:00  INFO 19800 --- [Evaluacion] [http-nio-8080-exec-2] c.e.t.i.PerformanceInterceptor           : Request URL: http://localhost:8080/v1/auth | Duration: 223 ms
2025-02-26T23:13:05.702-06:00  INFO 19800 --- [Evaluacion] [http-nio-8080-exec-5] c.e.t.i.PerformanceInterceptor           : Request URL: http://localhost:8080/v1/auth | Duration: 108 ms
2025-02-26T23:13:29.563-06:00  INFO 19800 --- [Evaluacion] [RMI TCP Connection(104)-127.0.0.1] inMXBeanRegistrar$SpringApplicationAdmin : Application shutdown requested.
2025-02-26T23:13:29.564-06:00  INFO 19800 --- [Evaluacion] [RMI TCP Connection(104)-127.0.0.1] o.s.b.w.e.tomcat.GracefulShutdown        : Commencing graceful shutdown. Waiting for active requests to complete
2025-02-26T23:13:29.674-06:00  INFO 19800 --- [Evaluacion] [tomcat-shutdown] o.s.b.w.e.tomcat.GracefulShutdown        : Graceful shutdown complete
2025-02-26T23:13:29.676-06:00  INFO 19800 --- [Evaluacion] [RMI TCP Connection(104)-127.0.0.1] j.LocalContainerEntityManagerFactoryBean : Closing JPA EntityManagerFactory for persistence unit 'default'
2025-02-26T23:13:29.678-06:00  WARN 19800 --- [Evaluacion] [RMI TCP Connection(104)-127.0.0.1] o.s.b.f.support.DisposableBeanAdapter    : Invocation of destroy method failed on bean with name 'inMemoryDatabaseShutdownExecutor': org.h2.jdbc.JdbcSQLNonTransientConnectionException: La base de datos ya esta cerrada (para des-habilitar el cerrado automatico durante el shutdown de la VM, agregue ";DB_CLOSE_ON_EXIT=FALSE" a la URL de conexión)
Database is already closed (to disable automatic closing at VM shutdown, add ";DB_CLOSE_ON_EXIT=FALSE" to the db URL) [90121-232]
2025-02-26T23:13:29.678-06:00  INFO 19800 --- [Evaluacion] [RMI TCP Connection(104)-127.0.0.1] com.zaxxer.hikari.HikariDataSource       : HikariPool-20 - Shutdown initiated...
2025-02-26T23:13:29.678-06:00  INFO 19800 --- [Evaluacion] [RMI TCP Connection(104)-127.0.0.1] com.zaxxer.hikari.HikariDataSource       : HikariPool-20 - Shutdown completed.
